[debug] [2023-09-03T20:14:04.438Z] ----------------------------------------------------------------------
[debug] [2023-09-03T20:14:04.440Z] Command:       /usr/local/bin/node /usr/local/bin/firebase init hosting
[debug] [2023-09-03T20:14:04.441Z] CLI Version:   12.5.2
[debug] [2023-09-03T20:14:04.441Z] Platform:      darwin
[debug] [2023-09-03T20:14:04.441Z] Node Version:  v16.16.0
[debug] [2023-09-03T20:14:04.442Z] Time:          Sun Sep 03 2023 15:14:04 GMT-0500 (Central Daylight Time)
[debug] [2023-09-03T20:14:04.442Z] ----------------------------------------------------------------------
[debug] 
[debug] [2023-09-03T20:14:04.447Z] > command requires scopes: ["email","openid","https://www.googleapis.com/auth/cloudplatformprojects.readonly","https://www.googleapis.com/auth/firebase","https://www.googleapis.com/auth/cloud-platform"]
[debug] [2023-09-03T20:14:04.448Z] > authorizing via signed-in user (ccarciofini@gmail.com)
[info] 
     ######## #### ########  ######## ########     ###     ######  ########
     ##        ##  ##     ## ##       ##     ##  ##   ##  ##       ##
     ######    ##  ########  ######   ########  #########  ######  ######
     ##        ##  ##    ##  ##       ##     ## ##     ##       ## ##
     ##       #### ##     ## ######## ########  ##     ##  ######  ########

You're about to initialize a Firebase project in this directory:

  /Users/connor/Desktop/projects/inf-mac-site

[info] 
=== Project Setup
[info] 
[info] First, let's associate this project directory with a Firebase project.
[info] You can create multiple project aliases by running firebase use --add, 
[info] but for now we'll just set up a default project.
[info] 
[debug] [2023-09-03T20:14:15.245Z] >>> [apiv2][query] GET https://firebase.googleapis.com/v1beta1/projects pageSize=100
[debug] [2023-09-03T20:14:15.537Z] <<< [apiv2][status] GET https://firebase.googleapis.com/v1beta1/projects 200
[debug] [2023-09-03T20:14:15.538Z] <<< [apiv2][body] GET https://firebase.googleapis.com/v1beta1/projects [omitted]
[info] i  Using project infinity-machine (infinity-machine) 
[info] 
=== Hosting Setup
[info] 
[info] Your public directory is the folder (relative to your project directory) that
[info] will contain Hosting assets to be uploaded with firebase deploy. If you
[info] have a build process for your assets, use your build's output directory.
[info] 
[info] ✔  Wrote public/404.html 
[debug] [2023-09-03T20:15:12.591Z] >>> [apiv2][query] GET https://www.gstatic.com/firebasejs/releases.json [none]
[debug] [2023-09-03T20:15:12.863Z] <<< [apiv2][status] GET https://www.gstatic.com/firebasejs/releases.json 200
[debug] [2023-09-03T20:15:12.863Z] <<< [apiv2][body] GET https://www.gstatic.com/firebasejs/releases.json {"current":{"version":"10.3.1","browserURL":"https://www.gstatic.com/firebasejs/10.3.1/firebase.js","packageURL":"https://www.gstatic.com/firebasejs/10.3.1/firebase.tgz"},"live":{"version":"10.3","browserURL":"https://www.gstatic.com/firebasejs/live/10.3/firebase.js","packageURL":"https://www.gstatic.com/firebasejs/live/10.3/firebase.tgz"},"components":{"analytics":"https://www.gstatic.com/firebasejs/10.3.1/firebase-analytics.js","app":"https://www.gstatic.com/firebasejs/10.3.1/firebase-app.js","app-check":"https://www.gstatic.com/firebasejs/10.3.1/firebase-app-check.js","auth":"https://www.gstatic.com/firebasejs/10.3.1/firebase-auth.js","auth/cordova":"https://www.gstatic.com/firebasejs/10.3.1/firebase-auth/cordova.js","functions":"https://www.gstatic.com/firebasejs/10.3.1/firebase-functions.js","firestore":"https://www.gstatic.com/firebasejs/10.3.1/firebase-firestore.js","firestore/lite":"https://www.gstatic.com/firebasejs/10.3.1/firebase-firestore/lite.js","installations":"https://www.gstatic.com/firebasejs/10.3.1/firebase-installations.js","storage":"https://www.gstatic.com/firebasejs/10.3.1/firebase-storage.js","performance":"https://www.gstatic.com/firebasejs/10.3.1/firebase-performance.js","remote-config":"https://www.gstatic.com/firebasejs/10.3.1/firebase-remote-config.js","messaging":"https://www.gstatic.com/firebasejs/10.3.1/firebase-messaging.js","messaging/sw":"https://www.gstatic.com/firebasejs/10.3.1/firebase-messaging/sw.js","database":"https://www.gstatic.com/firebasejs/10.3.1/firebase-database.js","firestore.memory":"https://www.gstatic.com/firebasejs/10.3.1/firebase-firestore.memory.js"}}
[info] ✔  Wrote public/index.html 
[info] 
[info] i  Didn't detect a .git folder. Assuming /Users/connor/Desktop/projects/inf-mac-site is the project root. 
[info] i  Authorizing with GitHub to upload your service account to a GitHub repository's secrets store. 
[info] 
[info] Visit this URL on this device to log in:
[info] https://github.com/login/oauth/authorize?client_id=89cf50f02ac6aaed3484&state=149881062&redirect_uri=http%3A%2F%2Flocalhost%3A9005&scope=read%3Auser%20repo%20public_repo
[info] 
[info] Waiting for authentication...
[debug] [2023-09-03T20:15:54.308Z] >>> [apiv2][query] POST https://github.com/login/oauth/access_token [none]
[debug] [2023-09-03T20:15:54.309Z] >>> [apiv2][body] POST https://github.com/login/oauth/access_token [stream]
[debug] [2023-09-03T20:15:54.524Z] <<< [apiv2][status] POST https://github.com/login/oauth/access_token 200
[debug] [2023-09-03T20:15:54.524Z] <<< [apiv2][body] POST https://github.com/login/oauth/access_token {"access_token":"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","token_type":"bearer","scope":"read:user,repo"}
[debug] [2023-09-03T20:15:54.529Z] >>> [apiv2][query] GET https://api.github.com/user [none]
[debug] [2023-09-03T20:15:54.733Z] <<< [apiv2][status] GET https://api.github.com/user 200
[debug] [2023-09-03T20:15:54.733Z] <<< [apiv2][body] GET https://api.github.com/user {"login":"infinity-machine","id":98574214,"node_id":"U_kgDOBeAfhg","avatar_url":"https://avatars.githubusercontent.com/u/98574214?v=4","gravatar_id":"","url":"https://api.github.com/users/infinity-machine","html_url":"https://github.com/infinity-machine","followers_url":"https://api.github.com/users/infinity-machine/followers","following_url":"https://api.github.com/users/infinity-machine/following{/other_user}","gists_url":"https://api.github.com/users/infinity-machine/gists{/gist_id}","starred_url":"https://api.github.com/users/infinity-machine/starred{/owner}{/repo}","subscriptions_url":"https://api.github.com/users/infinity-machine/subscriptions","organizations_url":"https://api.github.com/users/infinity-machine/orgs","repos_url":"https://api.github.com/users/infinity-machine/repos","events_url":"https://api.github.com/users/infinity-machine/events{/privacy}","received_events_url":"https://api.github.com/users/infinity-machine/received_events","type":"User","site_admin":false,"name":"connor carciofini","company":null,"blog":"","location":null,"email":null,"hireable":null,"bio":"ccarciofini@gmail.com","twitter_username":null,"public_repos":47,"public_gists":1,"followers":13,"following":16,"created_at":"2022-01-28T05:14:55Z","updated_at":"2023-05-23T16:34:10Z","private_gists":0,"total_private_repos":2,"owned_private_repos":2,"disk_usage":325059,"collaborators":0,"two_factor_authentication":false,"plan":{"name":"free","space":976562499,"collaborators":0,"private_repos":10000}}
[info] 
[info] ✔  Success! Logged into GitHub as infinity-machine 
[info] 
